<?xml version="1.0" encoding="UTF-8"?>
<!-- Generated by org.testng.reporters.JUnitReportReporter -->
<testsuite hostname="Sophia-LAPTOP" failures="0" tests="12" name="TrueRunner.RunnerTest" time="1070.087" errors="0" timestamp="2023-12-12T16:22:08 CST" skipped="0">
  <testcase classname="TrueRunner.RunnerTest" name="runScenario" time="13.479"/>
  <testcase classname="TrueRunner.RunnerTest" name="runScenario" time="10.774"/>
  <testcase classname="TrueRunner.RunnerTest" name="runScenario" time="101.010"/>
  <testcase classname="TrueRunner.RunnerTest" name="runScenario" time="100.764"/>
  <testcase classname="TrueRunner.RunnerTest" name="runScenario" time="108.704"/>
  <testcase classname="TrueRunner.RunnerTest" name="runScenario" time="109.206"/>
  <testcase classname="TrueRunner.RunnerTest" name="runScenario" time="106.292"/>
  <testcase classname="TrueRunner.RunnerTest" name="runScenario" time="94.955"/>
  <testcase classname="TrueRunner.RunnerTest" name="runScenario" time="101.148"/>
  <testcase classname="TrueRunner.RunnerTest" name="runScenario" time="102.292"/>
  <testcase classname="TrueRunner.RunnerTest" name="runScenario" time="110.797"/>
  <testcase classname="TrueRunner.RunnerTest" name="runScenario" time="110.666"/>
</testsuite> <!-- TrueRunner.RunnerTest -->
