<?xml version="1.0" encoding="UTF-8"?>
<!-- Generated by org.testng.reporters.JUnitReportReporter -->
<testsuite hostname="Sophia-LAPTOP" failures="0" tests="12" name="TrueRunner.RunnerTest" time="1288.006" errors="0" timestamp="2023-12-13T14:37:30 CST" skipped="0">
  <testcase classname="TrueRunner.RunnerTest" name="runScenario" time="91.966"/>
  <testcase classname="TrueRunner.RunnerTest" name="runScenario" time="139.280"/>
  <testcase classname="TrueRunner.RunnerTest" name="runScenario" time="58.648"/>
  <testcase classname="TrueRunner.RunnerTest" name="runScenario" time="50.240"/>
  <testcase classname="TrueRunner.RunnerTest" name="runScenario" time="121.864"/>
  <testcase classname="TrueRunner.RunnerTest" name="runScenario" time="129.486"/>
  <testcase classname="TrueRunner.RunnerTest" name="runScenario" time="89.841"/>
  <testcase classname="TrueRunner.RunnerTest" name="runScenario" time="125.900"/>
  <testcase classname="TrueRunner.RunnerTest" name="runScenario" time="115.019"/>
  <testcase classname="TrueRunner.RunnerTest" name="runScenario" time="149.246"/>
  <testcase classname="TrueRunner.RunnerTest" name="runScenario" time="123.649"/>
  <testcase classname="TrueRunner.RunnerTest" name="runScenario" time="92.867"/>
</testsuite> <!-- TrueRunner.RunnerTest -->
